<?xml version="1.0" encoding="UTF-8"?>
<!-- Generated by org.testng.reporters.JUnitXMLReporter -->
<testsuite ignored="1" hostname="ARAVIND" failures="0" tests="1" name="Error Validations Test" time="0.108" errors="0" timestamp="2025-03-09T19:15:52 IST">
  <testcase classname="framework.tests.ErrorValidations" name="LoginPageValidation" time="0.0">
    <skipped/>
  </testcase> <!-- LoginPageValidation -->
  <testcase classname="framework.tests.ErrorValidations" name="SubmitOrderValidation" time="0.0">
    <ignored/>
  </testcase> <!-- SubmitOrderValidation -->
</testsuite> <!-- Error Validations Test -->
